1722434476.592572 client started (39669): version 3.2a, socket /tmp/tmux-1000/default, protocol 8
1722434476.592609 on Linux 6.5.0-44-generic #44~22.04.1-Ubuntu SMP PREEMPT_DYNAMIC Tue Jun 18 14:36:16 UTC 2
1722434476.592617 using libevent 2.1.12-stable (poll); ncurses 6.3
1722434476.592641 flags are 0x10010000
1722434476.592646 socket is /tmp/tmux-1000/default
1722434476.592663 trying connect
1722434476.592766 add peer 0x5bfb79934320: 6 ((nil))
1722434476.593211 sending message 100 to peer 0x5bfb79934320 (4 bytes)
1722434476.593221 sending message 111 to peer 0x5bfb79934320 (8 bytes)
1722434476.593227 sending message 101 to peer 0x5bfb79934320 (15 bytes)
1722434476.593232 sending message 109 to peer 0x5bfb79934320 (4 bytes)
1722434476.593237 sending message 102 to peer 0x5bfb79934320 (11 bytes)
1722434476.593242 sending message 108 to peer 0x5bfb79934320 (55 bytes)
1722434476.593248 sending message 112 to peer 0x5bfb79934320 (58 bytes)
1722434476.593253 sending message 112 to peer 0x5bfb79934320 (5 bytes)
1722434476.593259 sending message 112 to peer 0x5bfb79934320 (5 bytes)
1722434476.593264 sending message 112 to peer 0x5bfb79934320 (6 bytes)
1722434476.593269 sending message 112 to peer 0x5bfb79934320 (6 bytes)
1722434476.593274 sending message 112 to peer 0x5bfb79934320 (11 bytes)
1722434476.593279 sending message 112 to peer 0x5bfb79934320 (10 bytes)
1722434476.593284 sending message 112 to peer 0x5bfb79934320 (13 bytes)
1722434476.593288 sending message 112 to peer 0x5bfb79934320 (14 bytes)
1722434476.593293 sending message 112 to peer 0x5bfb79934320 (19 bytes)
1722434476.593298 sending message 112 to peer 0x5bfb79934320 (11 bytes)
1722434476.593302 sending message 112 to peer 0x5bfb79934320 (10 bytes)
1722434476.593307 sending message 112 to peer 0x5bfb79934320 (15 bytes)
1722434476.593311 sending message 112 to peer 0x5bfb79934320 (21 bytes)
1722434476.593316 sending message 112 to peer 0x5bfb79934320 (13 bytes)
1722434476.593321 sending message 112 to peer 0x5bfb79934320 (7 bytes)
1722434476.593326 sending message 112 to peer 0x5bfb79934320 (13 bytes)
1722434476.593331 sending message 112 to peer 0x5bfb79934320 (7 bytes)
1722434476.593337 sending message 112 to peer 0x5bfb79934320 (13 bytes)
1722434476.593342 sending message 112 to peer 0x5bfb79934320 (9 bytes)
1722434476.593347 sending message 112 to peer 0x5bfb79934320 (21 bytes)
1722434476.593352 sending message 112 to peer 0x5bfb79934320 (13 bytes)
1722434476.593357 sending message 112 to peer 0x5bfb79934320 (9 bytes)
1722434476.593362 sending message 112 to peer 0x5bfb79934320 (16 bytes)
1722434476.593367 sending message 112 to peer 0x5bfb79934320 (13 bytes)
1722434476.593371 sending message 112 to peer 0x5bfb79934320 (9 bytes)
1722434476.593376 sending message 112 to peer 0x5bfb79934320 (9 bytes)
1722434476.593381 sending message 112 to peer 0x5bfb79934320 (12 bytes)
1722434476.593385 sending message 112 to peer 0x5bfb79934320 (8 bytes)
1722434476.593390 sending message 112 to peer 0x5bfb79934320 (8 bytes)
1722434476.593395 sending message 112 to peer 0x5bfb79934320 (13 bytes)
1722434476.593400 sending message 112 to peer 0x5bfb79934320 (7 bytes)
1722434476.593405 sending message 112 to peer 0x5bfb79934320 (7 bytes)
1722434476.593409 sending message 112 to peer 0x5bfb79934320 (9 bytes)
1722434476.593414 sending message 112 to peer 0x5bfb79934320 (9 bytes)
1722434476.593419 sending message 112 to peer 0x5bfb79934320 (15 bytes)
1722434476.593424 sending message 112 to peer 0x5bfb79934320 (13 bytes)
1722434476.593429 sending message 112 to peer 0x5bfb79934320 (12 bytes)
1722434476.593433 sending message 112 to peer 0x5bfb79934320 (8 bytes)
1722434476.593438 sending message 112 to peer 0x5bfb79934320 (14 bytes)
1722434476.593443 sending message 112 to peer 0x5bfb79934320 (11 bytes)
1722434476.593448 sending message 112 to peer 0x5bfb79934320 (9 bytes)
1722434476.593452 sending message 112 to peer 0x5bfb79934320 (10 bytes)
1722434476.593457 sending message 112 to peer 0x5bfb79934320 (10 bytes)
1722434476.593462 sending message 112 to peer 0x5bfb79934320 (10 bytes)
1722434476.593475 sending message 112 to peer 0x5bfb79934320 (10 bytes)
1722434476.593480 sending message 112 to peer 0x5bfb79934320 (11 bytes)
1722434476.593485 sending message 112 to peer 0x5bfb79934320 (12 bytes)
1722434476.593489 sending message 112 to peer 0x5bfb79934320 (12 bytes)
1722434476.593494 sending message 112 to peer 0x5bfb79934320 (12 bytes)
1722434476.593499 sending message 112 to peer 0x5bfb79934320 (12 bytes)
1722434476.593504 sending message 112 to peer 0x5bfb79934320 (12 bytes)
1722434476.593508 sending message 112 to peer 0x5bfb79934320 (11 bytes)
1722434476.593513 sending message 112 to peer 0x5bfb79934320 (11 bytes)
1722434476.593518 sending message 112 to peer 0x5bfb79934320 (12 bytes)
1722434476.593522 sending message 112 to peer 0x5bfb79934320 (12 bytes)
1722434476.593527 sending message 112 to peer 0x5bfb79934320 (12 bytes)
1722434476.593531 sending message 112 to peer 0x5bfb79934320 (12 bytes)
1722434476.593536 sending message 112 to peer 0x5bfb79934320 (12 bytes)
1722434476.593541 sending message 112 to peer 0x5bfb79934320 (9 bytes)
1722434476.593546 sending message 112 to peer 0x5bfb79934320 (12 bytes)
1722434476.593551 sending message 112 to peer 0x5bfb79934320 (13 bytes)
1722434476.593556 sending message 112 to peer 0x5bfb79934320 (13 bytes)
1722434476.593560 sending message 112 to peer 0x5bfb79934320 (13 bytes)
1722434476.593565 sending message 112 to peer 0x5bfb79934320 (13 bytes)
1722434476.593570 sending message 112 to peer 0x5bfb79934320 (13 bytes)
1722434476.593575 sending message 112 to peer 0x5bfb79934320 (8 bytes)
1722434476.593580 sending message 112 to peer 0x5bfb79934320 (11 bytes)
1722434476.593584 sending message 112 to peer 0x5bfb79934320 (11 bytes)
1722434476.593589 sending message 112 to peer 0x5bfb79934320 (11 bytes)
1722434476.593594 sending message 112 to peer 0x5bfb79934320 (12 bytes)
1722434476.593598 sending message 112 to peer 0x5bfb79934320 (12 bytes)
1722434476.593603 sending message 112 to peer 0x5bfb79934320 (12 bytes)
1722434476.593608 sending message 112 to peer 0x5bfb79934320 (12 bytes)
1722434476.593613 sending message 112 to peer 0x5bfb79934320 (13 bytes)
1722434476.593617 sending message 112 to peer 0x5bfb79934320 (13 bytes)
1722434476.593623 sending message 112 to peer 0x5bfb79934320 (13 bytes)
1722434476.593627 sending message 112 to peer 0x5bfb79934320 (8 bytes)
1722434476.593633 sending message 112 to peer 0x5bfb79934320 (13 bytes)
1722434476.593637 sending message 112 to peer 0x5bfb79934320 (13 bytes)
1722434476.593642 sending message 112 to peer 0x5bfb79934320 (13 bytes)
1722434476.593647 sending message 112 to peer 0x5bfb79934320 (13 bytes)
1722434476.593651 sending message 112 to peer 0x5bfb79934320 (13 bytes)
1722434476.593656 sending message 112 to peer 0x5bfb79934320 (12 bytes)
1722434476.593661 sending message 112 to peer 0x5bfb79934320 (12 bytes)
1722434476.593665 sending message 112 to peer 0x5bfb79934320 (12 bytes)
1722434476.593670 sending message 112 to peer 0x5bfb79934320 (12 bytes)
1722434476.593674 sending message 112 to peer 0x5bfb79934320 (13 bytes)
1722434476.593679 sending message 112 to peer 0x5bfb79934320 (8 bytes)
1722434476.593684 sending message 112 to peer 0x5bfb79934320 (13 bytes)
1722434476.593689 sending message 112 to peer 0x5bfb79934320 (13 bytes)
1722434476.593694 sending message 112 to peer 0x5bfb79934320 (13 bytes)
1722434476.593699 sending message 112 to peer 0x5bfb79934320 (13 bytes)
1722434476.593703 sending message 112 to peer 0x5bfb79934320 (13 bytes)
1722434476.593708 sending message 112 to peer 0x5bfb79934320 (13 bytes)
1722434476.593713 sending message 112 to peer 0x5bfb79934320 (13 bytes)
1722434476.593718 sending message 112 to peer 0x5bfb79934320 (12 bytes)
1722434476.593722 sending message 112 to peer 0x5bfb79934320 (12 bytes)
1722434476.593727 sending message 112 to peer 0x5bfb79934320 (12 bytes)
1722434476.593732 sending message 112 to peer 0x5bfb79934320 (8 bytes)
1722434476.593737 sending message 112 to peer 0x5bfb79934320 (12 bytes)
1722434476.593741 sending message 112 to peer 0x5bfb79934320 (13 bytes)
1722434476.593751 sending message 112 to peer 0x5bfb79934320 (13 bytes)
1722434476.593756 sending message 112 to peer 0x5bfb79934320 (13 bytes)
1722434476.593760 sending message 112 to peer 0x5bfb79934320 (13 bytes)
1722434476.593765 sending message 112 to peer 0x5bfb79934320 (13 bytes)
1722434476.593770 sending message 112 to peer 0x5bfb79934320 (13 bytes)
1722434476.593775 sending message 112 to peer 0x5bfb79934320 (13 bytes)
1722434476.593779 sending message 112 to peer 0x5bfb79934320 (13 bytes)
1722434476.593784 sending message 112 to peer 0x5bfb79934320 (12 bytes)
1722434476.593789 sending message 112 to peer 0x5bfb79934320 (10 bytes)
1722434476.593794 sending message 112 to peer 0x5bfb79934320 (12 bytes)
1722434476.593799 sending message 112 to peer 0x5bfb79934320 (12 bytes)
1722434476.593803 sending message 112 to peer 0x5bfb79934320 (12 bytes)
1722434476.593808 sending message 112 to peer 0x5bfb79934320 (13 bytes)
1722434476.593813 sending message 112 to peer 0x5bfb79934320 (13 bytes)
1722434476.593817 sending message 112 to peer 0x5bfb79934320 (13 bytes)
1722434476.593822 sending message 112 to peer 0x5bfb79934320 (13 bytes)
1722434476.593826 sending message 112 to peer 0x5bfb79934320 (13 bytes)
1722434476.593831 sending message 112 to peer 0x5bfb79934320 (13 bytes)
1722434476.593836 sending message 112 to peer 0x5bfb79934320 (13 bytes)
1722434476.593841 sending message 112 to peer 0x5bfb79934320 (10 bytes)
1722434476.593846 sending message 112 to peer 0x5bfb79934320 (13 bytes)
1722434476.593850 sending message 112 to peer 0x5bfb79934320 (12 bytes)
1722434476.593855 sending message 112 to peer 0x5bfb79934320 (12 bytes)
1722434476.593860 sending message 112 to peer 0x5bfb79934320 (12 bytes)
1722434476.593864 sending message 112 to peer 0x5bfb79934320 (10 bytes)
1722434476.593869 sending message 112 to peer 0x5bfb79934320 (10 bytes)
1722434476.593874 sending message 112 to peer 0x5bfb79934320 (10 bytes)
1722434476.593879 sending message 112 to peer 0x5bfb79934320 (12 bytes)
1722434476.593883 sending message 112 to peer 0x5bfb79934320 (13 bytes)
1722434476.593888 sending message 112 to peer 0x5bfb79934320 (13 bytes)
1722434476.593893 sending message 112 to peer 0x5bfb79934320 (13 bytes)
1722434476.593897 sending message 112 to peer 0x5bfb79934320 (13 bytes)
1722434476.593902 sending message 112 to peer 0x5bfb79934320 (13 bytes)
1722434476.593907 sending message 112 to peer 0x5bfb79934320 (10 bytes)
1722434476.593912 sending message 112 to peer 0x5bfb79934320 (11 bytes)
1722434476.593917 sending message 112 to peer 0x5bfb79934320 (12 bytes)
1722434476.593922 sending message 112 to peer 0x5bfb79934320 (12 bytes)
1722434476.593926 sending message 112 to peer 0x5bfb79934320 (12 bytes)
1722434476.593931 sending message 112 to peer 0x5bfb79934320 (12 bytes)
1722434476.593936 sending message 112 to peer 0x5bfb79934320 (12 bytes)
1722434476.593940 sending message 112 to peer 0x5bfb79934320 (11 bytes)
1722434476.593945 sending message 112 to peer 0x5bfb79934320 (12 bytes)
1722434476.593949 sending message 112 to peer 0x5bfb79934320 (12 bytes)
1722434476.593954 sending message 112 to peer 0x5bfb79934320 (13 bytes)
1722434476.593958 sending message 112 to peer 0x5bfb79934320 (13 bytes)
1722434476.593963 sending message 112 to peer 0x5bfb79934320 (13 bytes)
1722434476.593967 sending message 112 to peer 0x5bfb79934320 (13 bytes)
1722434476.593972 sending message 112 to peer 0x5bfb79934320 (13 bytes)
1722434476.593976 sending message 112 to peer 0x5bfb79934320 (10 bytes)
1722434476.593981 sending message 112 to peer 0x5bfb79934320 (9 bytes)
1722434476.593985 sending message 112 to peer 0x5bfb79934320 (12 bytes)
1722434476.593990 sending message 112 to peer 0x5bfb79934320 (13 bytes)
1722434476.593995 sending message 112 to peer 0x5bfb79934320 (13 bytes)
1722434476.593999 sending message 112 to peer 0x5bfb79934320 (13 bytes)
1722434476.594004 sending message 112 to peer 0x5bfb79934320 (13 bytes)
1722434476.594008 sending message 112 to peer 0x5bfb79934320 (13 bytes)
1722434476.594013 sending message 112 to peer 0x5bfb79934320 (9 bytes)
1722434476.594022 sending message 112 to peer 0x5bfb79934320 (12 bytes)
1722434476.594026 sending message 112 to peer 0x5bfb79934320 (13 bytes)
1722434476.594031 sending message 112 to peer 0x5bfb79934320 (13 bytes)
1722434476.594036 sending message 112 to peer 0x5bfb79934320 (13 bytes)
1722434476.594041 sending message 112 to peer 0x5bfb79934320 (13 bytes)
1722434476.594045 sending message 112 to peer 0x5bfb79934320 (13 bytes)
1722434476.594050 sending message 112 to peer 0x5bfb79934320 (11 bytes)
1722434476.594054 sending message 112 to peer 0x5bfb79934320 (12 bytes)
1722434476.594059 sending message 112 to peer 0x5bfb79934320 (13 bytes)
1722434476.594063 sending message 112 to peer 0x5bfb79934320 (13 bytes)
1722434476.594068 sending message 112 to peer 0x5bfb79934320 (13 bytes)
1722434476.594076 sending message 112 to peer 0x5bfb79934320 (13 bytes)
1722434476.594080 sending message 112 to peer 0x5bfb79934320 (13 bytes)
1722434476.594085 sending message 112 to peer 0x5bfb79934320 (11 bytes)
1722434476.594089 sending message 112 to peer 0x5bfb79934320 (12 bytes)
1722434476.594094 sending message 112 to peer 0x5bfb79934320 (12 bytes)
1722434476.594098 sending message 112 to peer 0x5bfb79934320 (12 bytes)
1722434476.594103 sending message 112 to peer 0x5bfb79934320 (12 bytes)
1722434476.594107 sending message 112 to peer 0x5bfb79934320 (12 bytes)
1722434476.594112 sending message 112 to peer 0x5bfb79934320 (21 bytes)
1722434476.594116 sending message 112 to peer 0x5bfb79934320 (12 bytes)
1722434476.594121 sending message 112 to peer 0x5bfb79934320 (9 bytes)
1722434476.594125 sending message 112 to peer 0x5bfb79934320 (6 bytes)
1722434476.594130 sending message 112 to peer 0x5bfb79934320 (13 bytes)
1722434476.594134 sending message 112 to peer 0x5bfb79934320 (10 bytes)
1722434476.594139 sending message 112 to peer 0x5bfb79934320 (24 bytes)
1722434476.594143 sending message 112 to peer 0x5bfb79934320 (13 bytes)
1722434476.594150 sending message 112 to peer 0x5bfb79934320 (9 bytes)
1722434476.594155 sending message 112 to peer 0x5bfb79934320 (70 bytes)
1722434476.594160 sending message 112 to peer 0x5bfb79934320 (69 bytes)
1722434476.594164 sending message 112 to peer 0x5bfb79934320 (12 bytes)
1722434476.594169 sending message 112 to peer 0x5bfb79934320 (10 bytes)
1722434476.594173 sending message 112 to peer 0x5bfb79934320 (10 bytes)
1722434476.594178 sending message 112 to peer 0x5bfb79934320 (24 bytes)
1722434476.594182 sending message 112 to peer 0x5bfb79934320 (13 bytes)
1722434476.594187 sending message 112 to peer 0x5bfb79934320 (10 bytes)
1722434476.594191 sending message 112 to peer 0x5bfb79934320 (10 bytes)
1722434476.594196 sending message 112 to peer 0x5bfb79934320 (10 bytes)
1722434476.594200 sending message 112 to peer 0x5bfb79934320 (13 bytes)
1722434476.594204 sending message 112 to peer 0x5bfb79934320 (15 bytes)
1722434476.594209 sending message 112 to peer 0x5bfb79934320 (5 bytes)
1722434476.594215 sending message 104 to peer 0x5bfb79934320 (0 bytes)
1722434476.594220 sending message 110 to peer 0x5bfb79934320 (0 bytes)
1722434476.594231 sending message 107 to peer 0x5bfb79934320 (4 bytes)
1722434476.594236 sending message 105 to peer 0x5bfb79934320 (41 bytes)
1722434476.594241 sending message 105 to peer 0x5bfb79934320 (30 bytes)
1722434476.594245 sending message 105 to peer 0x5bfb79934320 (13 bytes)
1722434476.594250 sending message 105 to peer 0x5bfb79934320 (19 bytes)
1722434476.594255 sending message 105 to peer 0x5bfb79934320 (8 bytes)
1722434476.594259 sending message 105 to peer 0x5bfb79934320 (59 bytes)
1722434476.594264 sending message 105 to peer 0x5bfb79934320 (19 bytes)
1722434476.594269 sending message 105 to peer 0x5bfb79934320 (56 bytes)
1722434476.594273 sending message 105 to peer 0x5bfb79934320 (20 bytes)
1722434476.594278 sending message 105 to peer 0x5bfb79934320 (23 bytes)
1722434476.594282 sending message 105 to peer 0x5bfb79934320 (11 bytes)
1722434476.594287 sending message 105 to peer 0x5bfb79934320 (54 bytes)
1722434476.594291 sending message 105 to peer 0x5bfb79934320 (18 bytes)
1722434476.594300 sending message 105 to peer 0x5bfb79934320 (23 bytes)
1722434476.594304 sending message 105 to peer 0x5bfb79934320 (36 bytes)
1722434476.594311 sending message 105 to peer 0x5bfb79934320 (41 bytes)
1722434476.594316 sending message 105 to peer 0x5bfb79934320 (27 bytes)
1722434476.594321 sending message 105 to peer 0x5bfb79934320 (20 bytes)
1722434476.594326 sending message 105 to peer 0x5bfb79934320 (33 bytes)
1722434476.594330 sending message 105 to peer 0x5bfb79934320 (43 bytes)
1722434476.594335 sending message 105 to peer 0x5bfb79934320 (19 bytes)
1722434476.594340 sending message 105 to peer 0x5bfb79934320 (40 bytes)
1722434476.594344 sending message 105 to peer 0x5bfb79934320 (30 bytes)
1722434476.594349 sending message 105 to peer 0x5bfb79934320 (45 bytes)
1722434476.594354 sending message 105 to peer 0x5bfb79934320 (44 bytes)
1722434476.594358 sending message 105 to peer 0x5bfb79934320 (18 bytes)
1722434476.594363 sending message 105 to peer 0x5bfb79934320 (20 bytes)
1722434476.594367 sending message 105 to peer 0x5bfb79934320 (19 bytes)
1722434476.594372 sending message 105 to peer 0x5bfb79934320 (14 bytes)
1722434476.594376 sending message 105 to peer 0x5bfb79934320 (54 bytes)
1722434476.594384 sending message 105 to peer 0x5bfb79934320 (20 bytes)
1722434476.594389 sending message 105 to peer 0x5bfb79934320 (96 bytes)
1722434476.594394 sending message 105 to peer 0x5bfb79934320 (36 bytes)
1722434476.594398 sending message 105 to peer 0x5bfb79934320 (16 bytes)
1722434476.594403 sending message 105 to peer 0x5bfb79934320 (22 bytes)
1722434476.594407 sending message 105 to peer 0x5bfb79934320 (52 bytes)
1722434476.594412 sending message 105 to peer 0x5bfb79934320 (23 bytes)
1722434476.594416 sending message 105 to peer 0x5bfb79934320 (25 bytes)
1722434476.594421 sending message 105 to peer 0x5bfb79934320 (20 bytes)
1722434476.594425 sending message 105 to peer 0x5bfb79934320 (28 bytes)
1722434476.594430 sending message 105 to peer 0x5bfb79934320 (31 bytes)
1722434476.594434 sending message 105 to peer 0x5bfb79934320 (18 bytes)
1722434476.594439 sending message 105 to peer 0x5bfb79934320 (269 bytes)
1722434476.594444 sending message 105 to peer 0x5bfb79934320 (16 bytes)
1722434476.594449 sending message 105 to peer 0x5bfb79934320 (82 bytes)
1722434476.594456 sending message 105 to peer 0x5bfb79934320 (23 bytes)
1722434476.594461 sending message 105 to peer 0x5bfb79934320 (21 bytes)
1722434476.594465 sending message 105 to peer 0x5bfb79934320 (47 bytes)
1722434476.594470 sending message 105 to peer 0x5bfb79934320 (20 bytes)
1722434476.594474 sending message 105 to peer 0x5bfb79934320 (26 bytes)
1722434476.594479 sending message 105 to peer 0x5bfb79934320 (20 bytes)
1722434476.594484 sending message 105 to peer 0x5bfb79934320 (23 bytes)
1722434476.594488 sending message 105 to peer 0x5bfb79934320 (17 bytes)
1722434476.594493 sending message 105 to peer 0x5bfb79934320 (13 bytes)
1722434476.594497 sending message 105 to peer 0x5bfb79934320 (29 bytes)
1722434476.594502 sending message 105 to peer 0x5bfb79934320 (24 bytes)
1722434476.594507 sending message 105 to peer 0x5bfb79934320 (185 bytes)
1722434476.594511 sending message 105 to peer 0x5bfb79934320 (23 bytes)
1722434476.594516 sending message 105 to peer 0x5bfb79934320 (32 bytes)
1722434476.594534 sending message 105 to peer 0x5bfb79934320 (113 bytes)
1722434476.594539 sending message 105 to peer 0x5bfb79934320 (77 bytes)
1722434476.594543 sending message 105 to peer 0x5bfb79934320 (13 bytes)
1722434476.594548 sending message 105 to peer 0x5bfb79934320 (16 bytes)
1722434476.594553 sending message 105 to peer 0x5bfb79934320 (57 bytes)
1722434476.594557 sending message 105 to peer 0x5bfb79934320 (27 bytes)
1722434476.594562 sending message 105 to peer 0x5bfb79934320 (51 bytes)
1722434476.594566 sending message 105 to peer 0x5bfb79934320 (22 bytes)
1722434476.594571 sending message 105 to peer 0x5bfb79934320 (38 bytes)
1722434476.594576 sending message 105 to peer 0x5bfb79934320 (21 bytes)
1722434476.594580 sending message 105 to peer 0x5bfb79934320 (39 bytes)
1722434476.594589 sending message 105 to peer 0x5bfb79934320 (33 bytes)
1722434476.594594 sending message 105 to peer 0x5bfb79934320 (18 bytes)
1722434476.594598 sending message 105 to peer 0x5bfb79934320 (33 bytes)
1722434476.594605 sending message 105 to peer 0x5bfb79934320 (20 bytes)
1722434476.594610 sending message 105 to peer 0x5bfb79934320 (24 bytes)
1722434476.594615 sending message 106 to peer 0x5bfb79934320 (0 bytes)
1722434476.594625 sending message 200 to peer 0x5bfb79934320 (4 bytes)
1722434476.594630 client loop enter
1722434476.595344 peer 0x5bfb79934320 message 303
1722434476.595352 open write file 2 -
1722434476.595364 sending message 305 to peer 0x5bfb79934320 (8 bytes)
1722434476.595381 write check file 2
1722434476.595472 peer 0x5bfb79934320 message 304
1722434476.595477 write 58 to file 2
1722434476.595484 peer 0x5bfb79934320 message 203
1722434476.595489 file 2 58 bytes left
1722434476.595507 write check file 2
1722434476.595512 client loop exit
